  [1m[35m (0.1ms)[0m  [1m[34mSELECT sqlite_version(*)[0m
  ↳ bin/rails:9
  [1m[35m (22.8ms)[0m  [1m[35mCREATE TABLE "schema_migrations" ("version" varchar NOT NULL PRIMARY KEY)[0m
  ↳ bin/rails:9
  [1m[35m (20.8ms)[0m  [1m[35mCREATE TABLE "ar_internal_metadata" ("key" varchar NOT NULL PRIMARY KEY, "value" varchar, "created_at" datetime NOT NULL, "updated_at" datetime NOT NULL)[0m
  ↳ bin/rails:9
  [1m[35m (0.1ms)[0m  [1m[34mSELECT "schema_migrations"."version" FROM "schema_migrations" ORDER BY "schema_migrations"."version" ASC[0m
  ↳ bin/rails:9
Migrating to CreateDogsitters (20190131163958)
  [1m[35m (0.0ms)[0m  [1m[36mbegin transaction[0m
  ↳ bin/rails:9
  [1m[35m (0.3ms)[0m  [1m[35mCREATE TABLE "dogsitters" ("id" integer PRIMARY KEY AUTOINCREMENT NOT NULL, "name" varchar, "created_at" datetime NOT NULL, "updated_at" datetime NOT NULL)[0m
  ↳ db/migrate/20190131163958_create_dogsitters.rb:3
  [1m[36mActiveRecord::SchemaMigration Create (0.1ms)[0m  [1m[32mINSERT INTO "schema_migrations" ("version") VALUES (?)[0m  [["version", "20190131163958"]]
  ↳ bin/rails:9
  [1m[35m (18.9ms)[0m  [1m[36mcommit transaction[0m
  ↳ bin/rails:9
Migrating to CreateDogs (20190131164028)
  [1m[35m (0.1ms)[0m  [1m[36mbegin transaction[0m
  ↳ bin/rails:9
  [1m[35m (0.3ms)[0m  [1m[35mCREATE TABLE "dogs" ("id" integer PRIMARY KEY AUTOINCREMENT NOT NULL, "name" varchar, "created_at" datetime NOT NULL, "updated_at" datetime NOT NULL)[0m
  ↳ db/migrate/20190131164028_create_dogs.rb:3
  [1m[36mActiveRecord::SchemaMigration Create (0.1ms)[0m  [1m[32mINSERT INTO "schema_migrations" ("version") VALUES (?)[0m  [["version", "20190131164028"]]
  ↳ bin/rails:9
  [1m[35m (18.2ms)[0m  [1m[36mcommit transaction[0m
  ↳ bin/rails:9
Migrating to CreateCities (20190131164111)
  [1m[35m (0.1ms)[0m  [1m[36mbegin transaction[0m
  ↳ bin/rails:9
  [1m[35m (0.5ms)[0m  [1m[35mCREATE TABLE "cities" ("id" integer PRIMARY KEY AUTOINCREMENT NOT NULL, "name" varchar, "created_at" datetime NOT NULL, "updated_at" datetime NOT NULL)[0m
  ↳ db/migrate/20190131164111_create_cities.rb:3
  [1m[36mActiveRecord::SchemaMigration Create (0.2ms)[0m  [1m[32mINSERT INTO "schema_migrations" ("version") VALUES (?)[0m  [["version", "20190131164111"]]
  ↳ bin/rails:9
  [1m[35m (18.9ms)[0m  [1m[36mcommit transaction[0m
  ↳ bin/rails:9
Migrating to CreateStrolls (20190131164236)
  [1m[35m (0.1ms)[0m  [1m[36mbegin transaction[0m
  ↳ bin/rails:9
  [1m[35m (0.3ms)[0m  [1m[35mCREATE TABLE "strolls" ("id" integer PRIMARY KEY AUTOINCREMENT NOT NULL, "date" varchar, "datetime" varchar, "created_at" datetime NOT NULL, "updated_at" datetime NOT NULL)[0m
  ↳ db/migrate/20190131164236_create_strolls.rb:3
  [1m[36mActiveRecord::SchemaMigration Create (0.1ms)[0m  [1m[32mINSERT INTO "schema_migrations" ("version") VALUES (?)[0m  [["version", "20190131164236"]]
  ↳ bin/rails:9
  [1m[35m (18.7ms)[0m  [1m[36mcommit transaction[0m
  ↳ bin/rails:9
  [1m[36mActiveRecord::InternalMetadata Load (0.2ms)[0m  [1m[34mSELECT  "ar_internal_metadata".* FROM "ar_internal_metadata" WHERE "ar_internal_metadata"."key" = ? LIMIT ?[0m  [["key", "environment"], ["LIMIT", 1]]
  ↳ bin/rails:9
  [1m[35m (0.0ms)[0m  [1m[36mbegin transaction[0m
  ↳ bin/rails:9
  [1m[36mActiveRecord::InternalMetadata Create (0.2ms)[0m  [1m[32mINSERT INTO "ar_internal_metadata" ("key", "value", "created_at", "updated_at") VALUES (?, ?, ?, ?)[0m  [["key", "environment"], ["value", "development"], ["created_at", "2019-01-31 16:42:59.117300"], ["updated_at", "2019-01-31 16:42:59.117300"]]
  ↳ bin/rails:9
  [1m[35m (14.6ms)[0m  [1m[36mcommit transaction[0m
  ↳ bin/rails:9
  [1m[35m (0.1ms)[0m  [1m[34mSELECT "schema_migrations"."version" FROM "schema_migrations" ORDER BY "schema_migrations"."version" ASC[0m
  ↳ bin/rails:9
  [1m[35m (0.1ms)[0m  [1m[34mSELECT "schema_migrations"."version" FROM "schema_migrations" ORDER BY "schema_migrations"."version" ASC[0m
  ↳ bin/rails:9
Migrating to AddIndexCity (20190131164423)
  [1m[35m (0.0ms)[0m  [1m[36mbegin transaction[0m
  ↳ bin/rails:9
  [1m[35m (0.3ms)[0m  [1m[35mALTER TABLE "cities" ADD "dogs_id" integer[0m
  ↳ db/migrate/20190131164423_add_index_city.rb:3
  [1m[35m (0.1ms)[0m  [1m[34mSELECT sqlite_version(*)[0m
  ↳ db/migrate/20190131164423_add_index_city.rb:3
  [1m[35m (0.1ms)[0m  [1m[35mCREATE  INDEX "index_cities_on_dogs_id" ON "cities" ("dogs_id")[0m
  ↳ db/migrate/20190131164423_add_index_city.rb:3
  [1m[35m (0.1ms)[0m  [1m[35mALTER TABLE "cities" ADD "dogsitters_id" integer[0m
  ↳ db/migrate/20190131164423_add_index_city.rb:4
  [1m[35m (0.1ms)[0m  [1m[35mCREATE  INDEX "index_cities_on_dogsitters_id" ON "cities" ("dogsitters_id")[0m
  ↳ db/migrate/20190131164423_add_index_city.rb:4
  [1m[36mActiveRecord::SchemaMigration Create (0.1ms)[0m  [1m[32mINSERT INTO "schema_migrations" ("version") VALUES (?)[0m  [["version", "20190131164423"]]
  ↳ bin/rails:9
  [1m[35m (20.2ms)[0m  [1m[36mcommit transaction[0m
  ↳ bin/rails:9
  [1m[36mActiveRecord::InternalMetadata Load (0.1ms)[0m  [1m[34mSELECT  "ar_internal_metadata".* FROM "ar_internal_metadata" WHERE "ar_internal_metadata"."key" = ? LIMIT ?[0m  [["key", "environment"], ["LIMIT", 1]]
  ↳ bin/rails:9
  [1m[35m (0.0ms)[0m  [1m[36mbegin transaction[0m
  ↳ bin/rails:9
  [1m[35m (0.0ms)[0m  [1m[36mcommit transaction[0m
  ↳ bin/rails:9
  [1m[35m (0.1ms)[0m  [1m[34mSELECT "schema_migrations"."version" FROM "schema_migrations" ORDER BY "schema_migrations"."version" ASC[0m
  ↳ bin/rails:9
  [1m[35m (0.1ms)[0m  [1m[34mSELECT "schema_migrations"."version" FROM "schema_migrations" ORDER BY "schema_migrations"."version" ASC[0m
  ↳ bin/rails:9
Migrating to AddIndexToStroll (20190131165310)
  [1m[35m (0.0ms)[0m  [1m[36mbegin transaction[0m
  ↳ bin/rails:9
  [1m[35m (0.2ms)[0m  [1m[35mALTER TABLE "cities" ADD "stroll_id" integer[0m
  ↳ db/migrate/20190131165310_add_index_to_stroll.rb:3
  [1m[35m (0.0ms)[0m  [1m[34mSELECT sqlite_version(*)[0m
  ↳ db/migrate/20190131165310_add_index_to_stroll.rb:3
  [1m[35m (0.1ms)[0m  [1m[35mCREATE  INDEX "index_cities_on_stroll_id" ON "cities" ("stroll_id")[0m
  ↳ db/migrate/20190131165310_add_index_to_stroll.rb:3
  [1m[35m (0.1ms)[0m  [1m[35mALTER TABLE "strolls" ADD "dog_id" integer[0m
  ↳ db/migrate/20190131165310_add_index_to_stroll.rb:4
  [1m[35m (0.1ms)[0m  [1m[35mCREATE  INDEX "index_strolls_on_dog_id" ON "strolls" ("dog_id")[0m
  ↳ db/migrate/20190131165310_add_index_to_stroll.rb:4
  [1m[35m (0.1ms)[0m  [1m[35mALTER TABLE "strolls" ADD "dogsitter_id" integer[0m
  ↳ db/migrate/20190131165310_add_index_to_stroll.rb:5
  [1m[35m (0.1ms)[0m  [1m[35mCREATE  INDEX "index_strolls_on_dogsitter_id" ON "strolls" ("dogsitter_id")[0m
  ↳ db/migrate/20190131165310_add_index_to_stroll.rb:5
  [1m[36mActiveRecord::SchemaMigration Create (0.1ms)[0m  [1m[32mINSERT INTO "schema_migrations" ("version") VALUES (?)[0m  [["version", "20190131165310"]]
  ↳ bin/rails:9
  [1m[35m (19.6ms)[0m  [1m[36mcommit transaction[0m
  ↳ bin/rails:9
  [1m[36mActiveRecord::InternalMetadata Load (0.3ms)[0m  [1m[34mSELECT  "ar_internal_metadata".* FROM "ar_internal_metadata" WHERE "ar_internal_metadata"."key" = ? LIMIT ?[0m  [["key", "environment"], ["LIMIT", 1]]
  ↳ bin/rails:9
  [1m[35m (0.0ms)[0m  [1m[36mbegin transaction[0m
  ↳ bin/rails:9
  [1m[35m (0.1ms)[0m  [1m[36mcommit transaction[0m
  ↳ bin/rails:9
  [1m[35m (0.1ms)[0m  [1m[34mSELECT "schema_migrations"."version" FROM "schema_migrations" ORDER BY "schema_migrations"."version" ASC[0m
  ↳ bin/rails:9
  [1m[35m (0.1ms)[0m  [1m[34mSELECT "schema_migrations"."version" FROM "schema_migrations" ORDER BY "schema_migrations"."version" ASC[0m
  ↳ bin/rails:9
  [1m[35m (0.1ms)[0m  [1m[34mSELECT "schema_migrations"."version" FROM "schema_migrations" ORDER BY "schema_migrations"."version" ASC[0m
  ↳ bin/rails:9
  [1m[36mCity Load (0.1ms)[0m  [1m[34mSELECT  "cities".* FROM "cities" ORDER BY "cities"."id" ASC LIMIT ?[0m  [["LIMIT", 1]]
  ↳ db/seeds.rb:10
  [1m[35m (0.1ms)[0m  [1m[34mSELECT "schema_migrations"."version" FROM "schema_migrations" ORDER BY "schema_migrations"."version" ASC[0m
  ↳ bin/rails:9
  [1m[36mCity Load (0.1ms)[0m  [1m[34mSELECT  "cities".* FROM "cities" ORDER BY "cities"."id" ASC LIMIT ?[0m  [["LIMIT", 1]]
  ↳ db/seeds.rb:10
  [1m[35m (0.1ms)[0m  [1m[34mSELECT "schema_migrations"."version" FROM "schema_migrations" ORDER BY "schema_migrations"."version" ASC[0m
  ↳ bin/rails:9
  [1m[35m (0.1ms)[0m  [1m[34mSELECT "schema_migrations"."version" FROM "schema_migrations" ORDER BY "schema_migrations"."version" ASC[0m
  ↳ bin/rails:9
  [1m[36mCity Load (0.1ms)[0m  [1m[34mSELECT  "cities".* FROM "cities" ORDER BY "cities"."id" ASC LIMIT ?[0m  [["LIMIT", 1]]
  ↳ db/seeds.rb:10
  [1m[35m (0.1ms)[0m  [1m[34mSELECT "schema_migrations"."version" FROM "schema_migrations" ORDER BY "schema_migrations"."version" ASC[0m
  ↳ bin/rails:9
  [1m[35m (0.1ms)[0m  [1m[34mSELECT "schema_migrations"."version" FROM "schema_migrations" ORDER BY "schema_migrations"."version" ASC[0m
  ↳ bin/rails:9
  [1m[35m (0.1ms)[0m  [1m[34mSELECT "schema_migrations"."version" FROM "schema_migrations" ORDER BY "schema_migrations"."version" ASC[0m
  ↳ bin/rails:9
  [1m[36mCity Load (0.1ms)[0m  [1m[34mSELECT  "cities".* FROM "cities" ORDER BY "cities"."id" ASC LIMIT ?[0m  [["LIMIT", 1]]
  ↳ db/seeds.rb:10
  [1m[35m (0.1ms)[0m  [1m[34mSELECT "schema_migrations"."version" FROM "schema_migrations" ORDER BY "schema_migrations"."version" ASC[0m
  ↳ bin/rails:9
  [1m[35m (0.1ms)[0m  [1m[34mSELECT "schema_migrations"."version" FROM "schema_migrations" ORDER BY "schema_migrations"."version" ASC[0m
  ↳ bin/rails:9
  [1m[36mCity Load (0.1ms)[0m  [1m[34mSELECT  "cities".* FROM "cities" ORDER BY "cities"."id" ASC LIMIT ?[0m  [["LIMIT", 1]]
  ↳ db/seeds.rb:10
  [1m[35m (0.1ms)[0m  [1m[34mSELECT "schema_migrations"."version" FROM "schema_migrations" ORDER BY "schema_migrations"."version" ASC[0m
  ↳ bin/rails:9
  [1m[36mCity Load (0.1ms)[0m  [1m[34mSELECT  "cities".* FROM "cities" ORDER BY "cities"."id" ASC LIMIT ?[0m  [["LIMIT", 1]]
  ↳ db/seeds.rb:10
  [1m[35m (0.1ms)[0m  [1m[34mSELECT "schema_migrations"."version" FROM "schema_migrations" ORDER BY "schema_migrations"."version" ASC[0m
  ↳ bin/rails:9
  [1m[35m (0.1ms)[0m  [1m[34mSELECT "schema_migrations"."version" FROM "schema_migrations" ORDER BY "schema_migrations"."version" ASC[0m
  ↳ bin/rails:9
  [1m[35m (0.1ms)[0m  [1m[34mSELECT "schema_migrations"."version" FROM "schema_migrations" ORDER BY "schema_migrations"."version" ASC[0m
  ↳ bin/rails:9
  [1m[35m (0.0ms)[0m  [1m[34mSELECT "schema_migrations"."version" FROM "schema_migrations" ORDER BY "schema_migrations"."version" ASC[0m
  ↳ bin/rails:9
Migrating to AddIndexToStroll (20190131165310)
  [1m[35m (0.0ms)[0m  [1m[36mbegin transaction[0m
  ↳ bin/rails:9
  [1m[35m (0.0ms)[0m  [1m[34mSELECT sqlite_version(*)[0m
  ↳ bin/rails:9
  [1m[35m (0.1ms)[0m  [1m[35mCREATE TEMPORARY TABLE "astrolls" ("id" integer NOT NULL PRIMARY KEY, "date" varchar DEFAULT NULL, "datetime" varchar DEFAULT NULL, "created_at" datetime NOT NULL, "updated_at" datetime NOT NULL, "dog_id" integer DEFAULT NULL, "dogsitter_id" integer DEFAULT NULL)[0m
  ↳ bin/rails:9
  [1m[35m (0.1ms)[0m  [1m[35mCREATE  INDEX "tindex_astrolls_on_dogsitter_id" ON "astrolls" ("dogsitter_id")[0m
  ↳ bin/rails:9
  [1m[35m (0.1ms)[0m  [1m[35mCREATE  INDEX "tindex_astrolls_on_dog_id" ON "astrolls" ("dog_id")[0m
  ↳ bin/rails:9
  [1m[35m (0.1ms)[0m  [1m[32mINSERT INTO "astrolls" ("id","date","datetime","created_at","updated_at","dog_id","dogsitter_id")
                     SELECT "id","date","datetime","created_at","updated_at","dog_id","dogsitter_id" FROM "strolls"[0m
  ↳ bin/rails:9
  [1m[35m (0.2ms)[0m  [1m[35mDROP TABLE "strolls"[0m
  ↳ bin/rails:9
  [1m[35m (0.1ms)[0m  [1m[35mCREATE TABLE "strolls" ("id" integer NOT NULL PRIMARY KEY, "date" varchar DEFAULT NULL, "datetime" varchar DEFAULT NULL, "created_at" datetime NOT NULL, "updated_at" datetime NOT NULL, "dog_id" integer DEFAULT NULL)[0m
  ↳ bin/rails:9
  [1m[35m (0.1ms)[0m  [1m[35mCREATE  INDEX "index_strolls_on_dog_id" ON "strolls" ("dog_id")[0m
  ↳ bin/rails:9
  [1m[35m (0.1ms)[0m  [1m[32mINSERT INTO "strolls" ("id","date","datetime","created_at","updated_at","dog_id")
                     SELECT "id","date","datetime","created_at","updated_at","dog_id" FROM "astrolls"[0m
  ↳ bin/rails:9
  [1m[35m (0.2ms)[0m  [1m[35mDROP TABLE "astrolls"[0m
  ↳ bin/rails:9
  [1m[35m (0.1ms)[0m  [1m[35mCREATE TEMPORARY TABLE "astrolls" ("id" integer NOT NULL PRIMARY KEY, "date" varchar DEFAULT NULL, "datetime" varchar DEFAULT NULL, "created_at" datetime NOT NULL, "updated_at" datetime NOT NULL, "dog_id" integer DEFAULT NULL)[0m
  ↳ bin/rails:9
  [1m[35m (0.1ms)[0m  [1m[35mCREATE  INDEX "tindex_astrolls_on_dog_id" ON "astrolls" ("dog_id")[0m
  ↳ bin/rails:9
  [1m[35m (0.1ms)[0m  [1m[32mINSERT INTO "astrolls" ("id","date","datetime","created_at","updated_at","dog_id")
                     SELECT "id","date","datetime","created_at","updated_at","dog_id" FROM "strolls"[0m
  ↳ bin/rails:9
  [1m[35m (0.1ms)[0m  [1m[35mDROP TABLE "strolls"[0m
  ↳ bin/rails:9
  [1m[35m (0.2ms)[0m  [1m[35mCREATE TABLE "strolls" ("id" integer NOT NULL PRIMARY KEY, "date" varchar DEFAULT NULL, "datetime" varchar DEFAULT NULL, "created_at" datetime NOT NULL, "updated_at" datetime NOT NULL)[0m
  ↳ bin/rails:9
  [1m[35m (0.1ms)[0m  [1m[32mINSERT INTO "strolls" ("id","date","datetime","created_at","updated_at")
                     SELECT "id","date","datetime","created_at","updated_at" FROM "astrolls"[0m
  ↳ bin/rails:9
  [1m[35m (0.1ms)[0m  [1m[35mDROP TABLE "astrolls"[0m
  ↳ bin/rails:9
  [1m[35m (0.1ms)[0m  [1m[35mCREATE TEMPORARY TABLE "acities" ("id" integer NOT NULL PRIMARY KEY, "name" varchar DEFAULT NULL, "created_at" datetime NOT NULL, "updated_at" datetime NOT NULL, "dogs_id" integer DEFAULT NULL, "dogsitters_id" integer DEFAULT NULL, "stroll_id" integer DEFAULT NULL)[0m
  ↳ bin/rails:9
  [1m[35m (0.1ms)[0m  [1m[35mCREATE  INDEX "tindex_acities_on_stroll_id" ON "acities" ("stroll_id")[0m
  ↳ bin/rails:9
  [1m[35m (0.1ms)[0m  [1m[35mCREATE  INDEX "tindex_acities_on_dogsitters_id" ON "acities" ("dogsitters_id")[0m
  ↳ bin/rails:9
  [1m[35m (0.1ms)[0m  [1m[35mCREATE  INDEX "tindex_acities_on_dogs_id" ON "acities" ("dogs_id")[0m
  ↳ bin/rails:9
  [1m[35m (0.1ms)[0m  [1m[32mINSERT INTO "acities" ("id","name","created_at","updated_at","dogs_id","dogsitters_id","stroll_id")
                     SELECT "id","name","created_at","updated_at","dogs_id","dogsitters_id","stroll_id" FROM "cities"[0m
  ↳ bin/rails:9
  [1m[35m (0.2ms)[0m  [1m[35mDROP TABLE "cities"[0m
  ↳ bin/rails:9
  [1m[35m (0.1ms)[0m  [1m[35mCREATE TABLE "cities" ("id" integer NOT NULL PRIMARY KEY, "name" varchar DEFAULT NULL, "created_at" datetime NOT NULL, "updated_at" datetime NOT NULL, "dogs_id" integer DEFAULT NULL, "dogsitters_id" integer DEFAULT NULL)[0m
  ↳ bin/rails:9
  [1m[35m (0.1ms)[0m  [1m[35mCREATE  INDEX "index_cities_on_dogs_id" ON "cities" ("dogs_id")[0m
  ↳ bin/rails:9
  [1m[35m (0.1ms)[0m  [1m[35mCREATE  INDEX "index_cities_on_dogsitters_id" ON "cities" ("dogsitters_id")[0m
  ↳ bin/rails:9
  [1m[35m (0.1ms)[0m  [1m[32mINSERT INTO "cities" ("id","name","created_at","updated_at","dogs_id","dogsitters_id")
                     SELECT "id","name","created_at","updated_at","dogs_id","dogsitters_id" FROM "acities"[0m
  ↳ bin/rails:9
  [1m[35m (0.1ms)[0m  [1m[35mDROP TABLE "acities"[0m
  ↳ bin/rails:9
  [1m[36mActiveRecord::SchemaMigration Destroy (0.1ms)[0m  [1m[31mDELETE FROM "schema_migrations" WHERE "schema_migrations"."version" = ?[0m  [["version", "20190131165310"]]
  ↳ bin/rails:9
  [1m[35m (15.5ms)[0m  [1m[36mcommit transaction[0m
  ↳ bin/rails:9
Migrating to AddIndexCity (20190131164423)
  [1m[35m (0.1ms)[0m  [1m[36mbegin transaction[0m
  ↳ bin/rails:9
  [1m[35m (0.1ms)[0m  [1m[35mCREATE TEMPORARY TABLE "acities" ("id" integer NOT NULL PRIMARY KEY, "name" varchar DEFAULT NULL, "created_at" datetime NOT NULL, "updated_at" datetime NOT NULL, "dogs_id" integer DEFAULT NULL, "dogsitters_id" integer DEFAULT NULL)[0m
  ↳ bin/rails:9
  [1m[35m (0.1ms)[0m  [1m[35mCREATE  INDEX "tindex_acities_on_dogsitters_id" ON "acities" ("dogsitters_id")[0m
  ↳ bin/rails:9
  [1m[35m (0.1ms)[0m  [1m[35mCREATE  INDEX "tindex_acities_on_dogs_id" ON "acities" ("dogs_id")[0m
  ↳ bin/rails:9
  [1m[35m (0.1ms)[0m  [1m[32mINSERT INTO "acities" ("id","name","created_at","updated_at","dogs_id","dogsitters_id")
                     SELECT "id","name","created_at","updated_at","dogs_id","dogsitters_id" FROM "cities"[0m
  ↳ bin/rails:9
  [1m[35m (0.2ms)[0m  [1m[35mDROP TABLE "cities"[0m
  ↳ bin/rails:9
  [1m[35m (0.1ms)[0m  [1m[35mCREATE TABLE "cities" ("id" integer NOT NULL PRIMARY KEY, "name" varchar DEFAULT NULL, "created_at" datetime NOT NULL, "updated_at" datetime NOT NULL, "dogs_id" integer DEFAULT NULL)[0m
  ↳ bin/rails:9
  [1m[35m (0.1ms)[0m  [1m[35mCREATE  INDEX "index_cities_on_dogs_id" ON "cities" ("dogs_id")[0m
  ↳ bin/rails:9
  [1m[35m (0.1ms)[0m  [1m[32mINSERT INTO "cities" ("id","name","created_at","updated_at","dogs_id")
                     SELECT "id","name","created_at","updated_at","dogs_id" FROM "acities"[0m
  ↳ bin/rails:9
  [1m[35m (0.1ms)[0m  [1m[35mDROP TABLE "acities"[0m
  ↳ bin/rails:9
  [1m[35m (0.1ms)[0m  [1m[35mCREATE TEMPORARY TABLE "acities" ("id" integer NOT NULL PRIMARY KEY, "name" varchar DEFAULT NULL, "created_at" datetime NOT NULL, "updated_at" datetime NOT NULL, "dogs_id" integer DEFAULT NULL)[0m
  ↳ bin/rails:9
  [1m[35m (0.1ms)[0m  [1m[35mCREATE  INDEX "tindex_acities_on_dogs_id" ON "acities" ("dogs_id")[0m
  ↳ bin/rails:9
  [1m[35m (0.0ms)[0m  [1m[32mINSERT INTO "acities" ("id","name","created_at","updated_at","dogs_id")
                     SELECT "id","name","created_at","updated_at","dogs_id" FROM "cities"[0m
  ↳ bin/rails:9
  [1m[35m (0.1ms)[0m  [1m[35mDROP TABLE "cities"[0m
  ↳ bin/rails:9
  [1m[35m (0.1ms)[0m  [1m[35mCREATE TABLE "cities" ("id" integer NOT NULL PRIMARY KEY, "name" varchar DEFAULT NULL, "created_at" datetime NOT NULL, "updated_at" datetime NOT NULL)[0m
  ↳ bin/rails:9
  [1m[35m (0.1ms)[0m  [1m[32mINSERT INTO "cities" ("id","name","created_at","updated_at")
                     SELECT "id","name","created_at","updated_at" FROM "acities"[0m
  ↳ bin/rails:9
  [1m[35m (0.1ms)[0m  [1m[35mDROP TABLE "acities"[0m
  ↳ bin/rails:9
  [1m[36mActiveRecord::SchemaMigration Destroy (0.1ms)[0m  [1m[31mDELETE FROM "schema_migrations" WHERE "schema_migrations"."version" = ?[0m  [["version", "20190131164423"]]
  ↳ bin/rails:9
  [1m[35m (21.8ms)[0m  [1m[36mcommit transaction[0m
  ↳ bin/rails:9
  [1m[35m (0.1ms)[0m  [1m[34mSELECT "schema_migrations"."version" FROM "schema_migrations" ORDER BY "schema_migrations"."version" ASC[0m
  ↳ bin/rails:9
  [1m[35m (0.1ms)[0m  [1m[34mSELECT "schema_migrations"."version" FROM "schema_migrations" ORDER BY "schema_migrations"."version" ASC[0m
  ↳ bin/rails:9
  [1m[35m (0.1ms)[0m  [1m[34mSELECT "schema_migrations"."version" FROM "schema_migrations" ORDER BY "schema_migrations"."version" ASC[0m
  ↳ bin/rails:9
  [1m[35m (0.1ms)[0m  [1m[34mSELECT "schema_migrations"."version" FROM "schema_migrations" ORDER BY "schema_migrations"."version" ASC[0m
  ↳ bin/rails:9
Migrating to AddIndexCity (20190131173838)
  [1m[35m (0.0ms)[0m  [1m[36mbegin transaction[0m
  ↳ bin/rails:9
  [1m[35m (0.2ms)[0m  [1m[35mALTER TABLE "dogsitters" ADD "city_id" integer[0m
  ↳ db/migrate/20190131173838_add_index_city.rb:3
  [1m[35m (0.0ms)[0m  [1m[34mSELECT sqlite_version(*)[0m
  ↳ db/migrate/20190131173838_add_index_city.rb:3
  [1m[35m (0.1ms)[0m  [1m[35mCREATE  INDEX "index_dogsitters_on_city_id" ON "dogsitters" ("city_id")[0m
  ↳ db/migrate/20190131173838_add_index_city.rb:3
  [1m[35m (0.1ms)[0m  [1m[35mALTER TABLE "dogs" ADD "city_id" integer[0m
  ↳ db/migrate/20190131173838_add_index_city.rb:4
  [1m[35m (0.1ms)[0m  [1m[35mCREATE  INDEX "index_dogs_on_city_id" ON "dogs" ("city_id")[0m
  ↳ db/migrate/20190131173838_add_index_city.rb:4
  [1m[35m (0.1ms)[0m  [1m[35mALTER TABLE "strolls" ADD "city_id" integer[0m
  ↳ db/migrate/20190131173838_add_index_city.rb:5
  [1m[35m (0.1ms)[0m  [1m[35mCREATE  INDEX "index_strolls_on_city_id" ON "strolls" ("city_id")[0m
  ↳ db/migrate/20190131173838_add_index_city.rb:5
  [1m[35m (0.1ms)[0m  [1m[35mALTER TABLE "strolls" ADD "dog_id" integer[0m
  ↳ db/migrate/20190131173838_add_index_city.rb:6
  [1m[35m (0.1ms)[0m  [1m[35mCREATE  INDEX "index_strolls_on_dog_id" ON "strolls" ("dog_id")[0m
  ↳ db/migrate/20190131173838_add_index_city.rb:6
  [1m[35m (0.1ms)[0m  [1m[35mALTER TABLE "strolls" ADD "dogsitter_id" integer[0m
  ↳ db/migrate/20190131173838_add_index_city.rb:7
  [1m[35m (0.1ms)[0m  [1m[35mCREATE  INDEX "index_strolls_on_dogsitter_id" ON "strolls" ("dogsitter_id")[0m
  ↳ db/migrate/20190131173838_add_index_city.rb:7
  [1m[36mActiveRecord::SchemaMigration Create (0.1ms)[0m  [1m[32mINSERT INTO "schema_migrations" ("version") VALUES (?)[0m  [["version", "20190131173838"]]
  ↳ bin/rails:9
  [1m[35m (16.1ms)[0m  [1m[36mcommit transaction[0m
  ↳ bin/rails:9
  [1m[36mActiveRecord::InternalMetadata Load (0.1ms)[0m  [1m[34mSELECT  "ar_internal_metadata".* FROM "ar_internal_metadata" WHERE "ar_internal_metadata"."key" = ? LIMIT ?[0m  [["key", "environment"], ["LIMIT", 1]]
  ↳ bin/rails:9
  [1m[35m (0.0ms)[0m  [1m[36mbegin transaction[0m
  ↳ bin/rails:9
  [1m[35m (0.0ms)[0m  [1m[36mcommit transaction[0m
  ↳ bin/rails:9
  [1m[35m (0.1ms)[0m  [1m[34mSELECT "schema_migrations"."version" FROM "schema_migrations" ORDER BY "schema_migrations"."version" ASC[0m
  ↳ bin/rails:9
  [1m[35m (0.1ms)[0m  [1m[34mSELECT "schema_migrations"."version" FROM "schema_migrations" ORDER BY "schema_migrations"."version" ASC[0m
  ↳ bin/rails:9
  [1m[35m (0.1ms)[0m  [1m[34mSELECT "schema_migrations"."version" FROM "schema_migrations" ORDER BY "schema_migrations"."version" ASC[0m
  ↳ bin/rails:9
  [1m[36mDog Load (0.1ms)[0m  [1m[34mSELECT "dogs".* FROM "dogs"[0m
  ↳ db/seeds.rb:9
  [1m[36mDogsitter Load (0.1ms)[0m  [1m[34mSELECT "dogsitters".* FROM "dogsitters"[0m
  ↳ db/seeds.rb:10
  [1m[36mCity Load (0.1ms)[0m  [1m[34mSELECT "cities".* FROM "cities"[0m
  ↳ db/seeds.rb:11
  [1m[36mStroll Load (0.1ms)[0m  [1m[34mSELECT "strolls".* FROM "strolls"[0m
  ↳ db/seeds.rb:12
  [1m[36mCity Load (0.1ms)[0m  [1m[34mSELECT  "cities".* FROM "cities" ORDER BY "cities"."id" ASC LIMIT ?[0m  [["LIMIT", 1]]
  ↳ db/seeds.rb:16
  [1m[35m (0.1ms)[0m  [1m[34mSELECT "schema_migrations"."version" FROM "schema_migrations" ORDER BY "schema_migrations"."version" ASC[0m
  ↳ bin/rails:9
  [1m[36mDog Load (0.1ms)[0m  [1m[34mSELECT "dogs".* FROM "dogs"[0m
  ↳ db/seeds.rb:9
  [1m[36mDogsitter Load (0.1ms)[0m  [1m[34mSELECT "dogsitters".* FROM "dogsitters"[0m
  ↳ db/seeds.rb:10
  [1m[36mCity Load (0.1ms)[0m  [1m[34mSELECT "cities".* FROM "cities"[0m
  ↳ db/seeds.rb:11
  [1m[36mStroll Load (0.1ms)[0m  [1m[34mSELECT "strolls".* FROM "strolls"[0m
  ↳ db/seeds.rb:12
  [1m[36mCity Load (0.1ms)[0m  [1m[34mSELECT  "cities".* FROM "cities" ORDER BY "cities"."id" ASC LIMIT ?[0m  [["LIMIT", 1]]
  ↳ db/seeds.rb:16
  [1m[35m (0.1ms)[0m  [1m[34mSELECT "schema_migrations"."version" FROM "schema_migrations" ORDER BY "schema_migrations"."version" ASC[0m
  ↳ bin/rails:9
  [1m[36mDog Load (0.1ms)[0m  [1m[34mSELECT "dogs".* FROM "dogs"[0m
  ↳ db/seeds.rb:9
  [1m[36mDogsitter Load (0.1ms)[0m  [1m[34mSELECT "dogsitters".* FROM "dogsitters"[0m
  ↳ db/seeds.rb:10
  [1m[36mCity Load (0.1ms)[0m  [1m[34mSELECT "cities".* FROM "cities"[0m
  ↳ db/seeds.rb:11
  [1m[36mStroll Load (0.1ms)[0m  [1m[34mSELECT "strolls".* FROM "strolls"[0m
  ↳ db/seeds.rb:12
  [1m[35m (0.0ms)[0m  [1m[36mbegin transaction[0m
  ↳ db/seeds.rb:16
  [1m[36mCity Create (0.2ms)[0m  [1m[32mINSERT INTO "cities" ("name", "created_at", "updated_at") VALUES (?, ?, ?)[0m  [["name", "Earth"], ["created_at", "2019-01-31 17:49:05.670523"], ["updated_at", "2019-01-31 17:49:05.670523"]]
  ↳ db/seeds.rb:16
  [1m[35m (18.0ms)[0m  [1m[36mcommit transaction[0m
  ↳ db/seeds.rb:16
  [1m[35m (0.1ms)[0m  [1m[36mbegin transaction[0m
  ↳ db/seeds.rb:16
  [1m[36mCity Create (0.1ms)[0m  [1m[32mINSERT INTO "cities" ("name", "created_at", "updated_at") VALUES (?, ?, ?)[0m  [["name", "Neptune"], ["created_at", "2019-01-31 17:49:05.690672"], ["updated_at", "2019-01-31 17:49:05.690672"]]
  ↳ db/seeds.rb:16
  [1m[35m (14.8ms)[0m  [1m[36mcommit transaction[0m
  ↳ db/seeds.rb:16
  [1m[35m (0.1ms)[0m  [1m[36mbegin transaction[0m
  ↳ db/seeds.rb:16
  [1m[36mCity Create (0.2ms)[0m  [1m[32mINSERT INTO "cities" ("name", "created_at", "updated_at") VALUES (?, ?, ?)[0m  [["name", "Saturn"], ["created_at", "2019-01-31 17:49:05.707446"], ["updated_at", "2019-01-31 17:49:05.707446"]]
  ↳ db/seeds.rb:16
  [1m[35m (14.5ms)[0m  [1m[36mcommit transaction[0m
  ↳ db/seeds.rb:16
  [1m[35m (0.0ms)[0m  [1m[36mbegin transaction[0m
  ↳ db/seeds.rb:16
  [1m[36mCity Create (0.2ms)[0m  [1m[32mINSERT INTO "cities" ("name", "created_at", "updated_at") VALUES (?, ?, ?)[0m  [["name", "Venus"], ["created_at", "2019-01-31 17:49:05.723911"], ["updated_at", "2019-01-31 17:49:05.723911"]]
  ↳ db/seeds.rb:16
  [1m[35m (14.2ms)[0m  [1m[36mcommit transaction[0m
  ↳ db/seeds.rb:16
  [1m[35m (0.0ms)[0m  [1m[36mbegin transaction[0m
  ↳ db/seeds.rb:16
  [1m[36mCity Create (0.2ms)[0m  [1m[32mINSERT INTO "cities" ("name", "created_at", "updated_at") VALUES (?, ?, ?)[0m  [["name", "Earth"], ["created_at", "2019-01-31 17:49:05.739768"], ["updated_at", "2019-01-31 17:49:05.739768"]]
  ↳ db/seeds.rb:16
  [1m[35m (14.6ms)[0m  [1m[36mcommit transaction[0m
  ↳ db/seeds.rb:16
  [1m[35m (0.0ms)[0m  [1m[36mbegin transaction[0m
  ↳ db/seeds.rb:16
  [1m[36mCity Create (0.2ms)[0m  [1m[32mINSERT INTO "cities" ("name", "created_at", "updated_at") VALUES (?, ?, ?)[0m  [["name", "Mars"], ["created_at", "2019-01-31 17:49:05.756157"], ["updated_at", "2019-01-31 17:49:05.756157"]]
  ↳ db/seeds.rb:16
  [1m[35m (14.3ms)[0m  [1m[36mcommit transaction[0m
  ↳ db/seeds.rb:16
  [1m[35m (0.0ms)[0m  [1m[36mbegin transaction[0m
  ↳ db/seeds.rb:16
  [1m[36mCity Create (0.2ms)[0m  [1m[32mINSERT INTO "cities" ("name", "created_at", "updated_at") VALUES (?, ?, ?)[0m  [["name", "Mars"], ["created_at", "2019-01-31 17:49:05.771866"], ["updated_at", "2019-01-31 17:49:05.771866"]]
  ↳ db/seeds.rb:16
  [1m[35m (14.3ms)[0m  [1m[36mcommit transaction[0m
  ↳ db/seeds.rb:16
  [1m[35m (0.0ms)[0m  [1m[36mbegin transaction[0m
  ↳ db/seeds.rb:16
  [1m[36mCity Create (0.2ms)[0m  [1m[32mINSERT INTO "cities" ("name", "created_at", "updated_at") VALUES (?, ?, ?)[0m  [["name", "Mars"], ["created_at", "2019-01-31 17:49:05.787790"], ["updated_at", "2019-01-31 17:49:05.787790"]]
  ↳ db/seeds.rb:16
  [1m[35m (14.6ms)[0m  [1m[36mcommit transaction[0m
  ↳ db/seeds.rb:16
  [1m[35m (0.1ms)[0m  [1m[36mbegin transaction[0m
  ↳ db/seeds.rb:16
  [1m[36mCity Create (0.2ms)[0m  [1m[32mINSERT INTO "cities" ("name", "created_at", "updated_at") VALUES (?, ?, ?)[0m  [["name", "Venus"], ["created_at", "2019-01-31 17:49:05.804483"], ["updated_at", "2019-01-31 17:49:05.804483"]]
  ↳ db/seeds.rb:16
  [1m[35m (14.5ms)[0m  [1m[36mcommit transaction[0m
  ↳ db/seeds.rb:16
  [1m[35m (0.0ms)[0m  [1m[36mbegin transaction[0m
  ↳ db/seeds.rb:16
  [1m[36mCity Create (0.2ms)[0m  [1m[32mINSERT INTO "cities" ("name", "created_at", "updated_at") VALUES (?, ?, ?)[0m  [["name", "Earth"], ["created_at", "2019-01-31 17:49:05.820751"], ["updated_at", "2019-01-31 17:49:05.820751"]]
  ↳ db/seeds.rb:16
  [1m[35m (14.4ms)[0m  [1m[36mcommit transaction[0m
  ↳ db/seeds.rb:16
  [1m[36mCity Load (0.2ms)[0m  [1m[34mSELECT  "cities".* FROM "cities" ORDER BY "cities"."id" ASC LIMIT ?[0m  [["LIMIT", 1]]
  ↳ db/seeds.rb:20
  [1m[36mCity Load (0.1ms)[0m  [1m[34mSELECT  "cities".* FROM "cities" ORDER BY "cities"."id" DESC LIMIT ?[0m  [["LIMIT", 1]]
  ↳ db/seeds.rb:20
  [1m[35m (0.0ms)[0m  [1m[36mbegin transaction[0m
  ↳ db/seeds.rb:20
  [1m[36mCity Load (0.2ms)[0m  [1m[34mSELECT  "cities".* FROM "cities" WHERE "cities"."id" = ? LIMIT ?[0m  [["id", 3], ["LIMIT", 1]]
  ↳ db/seeds.rb:20
  [1m[36mDog Create (0.2ms)[0m  [1m[32mINSERT INTO "dogs" ("name", "created_at", "updated_at", "city_id") VALUES (?, ?, ?, ?)[0m  [["name", "Zoe"], ["created_at", "2019-01-31 17:49:05.850935"], ["updated_at", "2019-01-31 17:49:05.850935"], ["city_id", 3]]
  ↳ db/seeds.rb:20
  [1m[35m (14.8ms)[0m  [1m[36mcommit transaction[0m
  ↳ db/seeds.rb:20
  [1m[36mCity Load (0.1ms)[0m  [1m[34mSELECT  "cities".* FROM "cities" ORDER BY "cities"."id" ASC LIMIT ?[0m  [["LIMIT", 1]]
  ↳ db/seeds.rb:20
  [1m[36mCity Load (0.1ms)[0m  [1m[34mSELECT  "cities".* FROM "cities" ORDER BY "cities"."id" DESC LIMIT ?[0m  [["LIMIT", 1]]
  ↳ db/seeds.rb:20
  [1m[35m (0.0ms)[0m  [1m[36mbegin transaction[0m
  ↳ db/seeds.rb:20
  [1m[36mCity Load (0.0ms)[0m  [1m[34mSELECT  "cities".* FROM "cities" WHERE "cities"."id" = ? LIMIT ?[0m  [["id", 3], ["LIMIT", 1]]
  ↳ db/seeds.rb:20
  [1m[36mDog Create (0.1ms)[0m  [1m[32mINSERT INTO "dogs" ("name", "created_at", "updated_at", "city_id") VALUES (?, ?, ?, ?)[0m  [["name", "Riley"], ["created_at", "2019-01-31 17:49:05.869653"], ["updated_at", "2019-01-31 17:49:05.869653"], ["city_id", 3]]
  ↳ db/seeds.rb:20
  [1m[35m (14.7ms)[0m  [1m[36mcommit transaction[0m
  ↳ db/seeds.rb:20
  [1m[36mCity Load (0.1ms)[0m  [1m[34mSELECT  "cities".* FROM "cities" ORDER BY "cities"."id" ASC LIMIT ?[0m  [["LIMIT", 1]]
  ↳ db/seeds.rb:20
  [1m[36mCity Load (0.1ms)[0m  [1m[34mSELECT  "cities".* FROM "cities" ORDER BY "cities"."id" DESC LIMIT ?[0m  [["LIMIT", 1]]
  ↳ db/seeds.rb:20
  [1m[35m (0.0ms)[0m  [1m[36mbegin transaction[0m
  ↳ db/seeds.rb:20
  [1m[36mCity Load (0.1ms)[0m  [1m[34mSELECT  "cities".* FROM "cities" WHERE "cities"."id" = ? LIMIT ?[0m  [["id", 5], ["LIMIT", 1]]
  ↳ db/seeds.rb:20
  [1m[36mDog Create (0.2ms)[0m  [1m[32mINSERT INTO "dogs" ("name", "created_at", "updated_at", "city_id") VALUES (?, ?, ?, ?)[0m  [["name", "Molly"], ["created_at", "2019-01-31 17:49:05.887463"], ["updated_at", "2019-01-31 17:49:05.887463"], ["city_id", 5]]
  ↳ db/seeds.rb:20
  [1m[35m (14.4ms)[0m  [1m[36mcommit transaction[0m
  ↳ db/seeds.rb:20
  [1m[36mCity Load (0.1ms)[0m  [1m[34mSELECT  "cities".* FROM "cities" ORDER BY "cities"."id" ASC LIMIT ?[0m  [["LIMIT", 1]]
  ↳ db/seeds.rb:20
  [1m[36mCity Load (0.1ms)[0m  [1m[34mSELECT  "cities".* FROM "cities" ORDER BY "cities"."id" DESC LIMIT ?[0m  [["LIMIT", 1]]
  ↳ db/seeds.rb:20
  [1m[35m (0.0ms)[0m  [1m[36mbegin transaction[0m
  ↳ db/seeds.rb:20
  [1m[36mCity Load (0.0ms)[0m  [1m[34mSELECT  "cities".* FROM "cities" WHERE "cities"."id" = ? LIMIT ?[0m  [["id", 2], ["LIMIT", 1]]
  ↳ db/seeds.rb:20
  [1m[36mDog Create (0.1ms)[0m  [1m[32mINSERT INTO "dogs" ("name", "created_at", "updated_at", "city_id") VALUES (?, ?, ?, ?)[0m  [["name", "Annie"], ["created_at", "2019-01-31 17:49:05.905249"], ["updated_at", "2019-01-31 17:49:05.905249"], ["city_id", 2]]
  ↳ db/seeds.rb:20
  [1m[35m (15.6ms)[0m  [1m[36mcommit transaction[0m
  ↳ db/seeds.rb:20
  [1m[36mCity Load (0.1ms)[0m  [1m[34mSELECT  "cities".* FROM "cities" ORDER BY "cities"."id" ASC LIMIT ?[0m  [["LIMIT", 1]]
  ↳ db/seeds.rb:20
  [1m[36mCity Load (0.1ms)[0m  [1m[34mSELECT  "cities".* FROM "cities" ORDER BY "cities"."id" DESC LIMIT ?[0m  [["LIMIT", 1]]
  ↳ db/seeds.rb:20
  [1m[35m (0.0ms)[0m  [1m[36mbegin transaction[0m
  ↳ db/seeds.rb:20
  [1m[36mCity Load (0.1ms)[0m  [1m[34mSELECT  "cities".* FROM "cities" WHERE "cities"."id" = ? LIMIT ?[0m  [["id", 8], ["LIMIT", 1]]
  ↳ db/seeds.rb:20
  [1m[36mDog Create (0.5ms)[0m  [1m[32mINSERT INTO "dogs" ("name", "created_at", "updated_at", "city_id") VALUES (?, ?, ?, ?)[0m  [["name", "Shadow"], ["created_at", "2019-01-31 17:49:05.931400"], ["updated_at", "2019-01-31 17:49:05.931400"], ["city_id", 8]]
  ↳ db/seeds.rb:20
  [1m[35m (17.0ms)[0m  [1m[36mcommit transaction[0m
  ↳ db/seeds.rb:20
  [1m[36mCity Load (0.1ms)[0m  [1m[34mSELECT  "cities".* FROM "cities" ORDER BY "cities"."id" ASC LIMIT ?[0m  [["LIMIT", 1]]
  ↳ db/seeds.rb:20
  [1m[36mCity Load (0.1ms)[0m  [1m[34mSELECT  "cities".* FROM "cities" ORDER BY "cities"."id" DESC LIMIT ?[0m  [["LIMIT", 1]]
  ↳ db/seeds.rb:20
  [1m[35m (0.1ms)[0m  [1m[36mbegin transaction[0m
  ↳ db/seeds.rb:20
  [1m[36mCity Load (0.0ms)[0m  [1m[34mSELECT  "cities".* FROM "cities" WHERE "cities"."id" = ? LIMIT ?[0m  [["id", 3], ["LIMIT", 1]]
  ↳ db/seeds.rb:20
  [1m[36mDog Create (0.2ms)[0m  [1m[32mINSERT INTO "dogs" ("name", "created_at", "updated_at", "city_id") VALUES (?, ?, ?, ?)[0m  [["name", "Pepper"], ["created_at", "2019-01-31 17:49:05.953620"], ["updated_at", "2019-01-31 17:49:05.953620"], ["city_id", 3]]
  ↳ db/seeds.rb:20
  [1m[35m (15.2ms)[0m  [1m[36mcommit transaction[0m
  ↳ db/seeds.rb:20
  [1m[36mCity Load (0.1ms)[0m  [1m[34mSELECT  "cities".* FROM "cities" ORDER BY "cities"."id" ASC LIMIT ?[0m  [["LIMIT", 1]]
  ↳ db/seeds.rb:20
  [1m[36mCity Load (0.1ms)[0m  [1m[34mSELECT  "cities".* FROM "cities" ORDER BY "cities"."id" DESC LIMIT ?[0m  [["LIMIT", 1]]
  ↳ db/seeds.rb:20
  [1m[35m (0.1ms)[0m  [1m[36mbegin transaction[0m
  ↳ db/seeds.rb:20
  [1m[36mCity Load (0.1ms)[0m  [1m[34mSELECT  "cities".* FROM "cities" WHERE "cities"."id" = ? LIMIT ?[0m  [["id", 1], ["LIMIT", 1]]
  ↳ db/seeds.rb:20
  [1m[36mDog Create (0.2ms)[0m  [1m[32mINSERT INTO "dogs" ("name", "created_at", "updated_at", "city_id") VALUES (?, ?, ?, ?)[0m  [["name", "Roxy"], ["created_at", "2019-01-31 17:49:05.972719"], ["updated_at", "2019-01-31 17:49:05.972719"], ["city_id", 1]]
  ↳ db/seeds.rb:20
  [1m[35m (14.7ms)[0m  [1m[36mcommit transaction[0m
  ↳ db/seeds.rb:20
  [1m[36mCity Load (0.1ms)[0m  [1m[34mSELECT  "cities".* FROM "cities" ORDER BY "cities"."id" ASC LIMIT ?[0m  [["LIMIT", 1]]
  ↳ db/seeds.rb:20
  [1m[36mCity Load (0.1ms)[0m  [1m[34mSELECT  "cities".* FROM "cities" ORDER BY "cities"."id" DESC LIMIT ?[0m  [["LIMIT", 1]]
  ↳ db/seeds.rb:20
  [1m[35m (0.0ms)[0m  [1m[36mbegin transaction[0m
  ↳ db/seeds.rb:20
  [1m[36mCity Load (0.0ms)[0m  [1m[34mSELECT  "cities".* FROM "cities" WHERE "cities"."id" = ? LIMIT ?[0m  [["id", 1], ["LIMIT", 1]]
  ↳ db/seeds.rb:20
  [1m[36mDog Create (0.1ms)[0m  [1m[32mINSERT INTO "dogs" ("name", "created_at", "updated_at", "city_id") VALUES (?, ?, ?, ?)[0m  [["name", "Coco"], ["created_at", "2019-01-31 17:49:05.991640"], ["updated_at", "2019-01-31 17:49:05.991640"], ["city_id", 1]]
  ↳ db/seeds.rb:20
  [1m[35m (14.8ms)[0m  [1m[36mcommit transaction[0m
  ↳ db/seeds.rb:20
  [1m[36mCity Load (0.1ms)[0m  [1m[34mSELECT  "cities".* FROM "cities" ORDER BY "cities"."id" ASC LIMIT ?[0m  [["LIMIT", 1]]
  ↳ db/seeds.rb:20
  [1m[36mCity Load (0.1ms)[0m  [1m[34mSELECT  "cities".* FROM "cities" ORDER BY "cities"."id" DESC LIMIT ?[0m  [["LIMIT", 1]]
  ↳ db/seeds.rb:20
  [1m[35m (0.0ms)[0m  [1m[36mbegin transaction[0m
  ↳ db/seeds.rb:20
  [1m[36mCity Load (0.1ms)[0m  [1m[34mSELECT  "cities".* FROM "cities" WHERE "cities"."id" = ? LIMIT ?[0m  [["id", 7], ["LIMIT", 1]]
  ↳ db/seeds.rb:20
  [1m[36mDog Create (0.2ms)[0m  [1m[32mINSERT INTO "dogs" ("name", "created_at", "updated_at", "city_id") VALUES (?, ?, ?, ?)[0m  [["name", "Lucky"], ["created_at", "2019-01-31 17:49:06.010178"], ["updated_at", "2019-01-31 17:49:06.010178"], ["city_id", 7]]
  ↳ db/seeds.rb:20
  [1m[35m (12.0ms)[0m  [1m[36mcommit transaction[0m
  ↳ db/seeds.rb:20
  [1m[36mCity Load (0.2ms)[0m  [1m[34mSELECT  "cities".* FROM "cities" ORDER BY "cities"."id" ASC LIMIT ?[0m  [["LIMIT", 1]]
  ↳ db/seeds.rb:20
  [1m[36mCity Load (0.1ms)[0m  [1m[34mSELECT  "cities".* FROM "cities" ORDER BY "cities"."id" DESC LIMIT ?[0m  [["LIMIT", 1]]
  ↳ db/seeds.rb:20
  [1m[35m (0.0ms)[0m  [1m[36mbegin transaction[0m
  ↳ db/seeds.rb:20
  [1m[36mCity Load (0.1ms)[0m  [1m[34mSELECT  "cities".* FROM "cities" WHERE "cities"."id" = ? LIMIT ?[0m  [["id", 3], ["LIMIT", 1]]
  ↳ db/seeds.rb:20
  [1m[36mDog Create (0.2ms)[0m  [1m[32mINSERT INTO "dogs" ("name", "created_at", "updated_at", "city_id") VALUES (?, ?, ?, ?)[0m  [["name", "Baby"], ["created_at", "2019-01-31 17:49:06.027327"], ["updated_at", "2019-01-31 17:49:06.027327"], ["city_id", 3]]
  ↳ db/seeds.rb:20
  [1m[35m (21.6ms)[0m  [1m[36mcommit transaction[0m
  ↳ db/seeds.rb:20
  [1m[36mCity Load (0.1ms)[0m  [1m[34mSELECT  "cities".* FROM "cities" ORDER BY "cities"."id" ASC LIMIT ?[0m  [["LIMIT", 1]]
  ↳ db/seeds.rb:24
  [1m[36mCity Load (0.1ms)[0m  [1m[34mSELECT  "cities".* FROM "cities" ORDER BY "cities"."id" DESC LIMIT ?[0m  [["LIMIT", 1]]
  ↳ db/seeds.rb:24
  [1m[35m (0.0ms)[0m  [1m[36mbegin transaction[0m
  ↳ db/seeds.rb:24
  [1m[36mCity Load (0.1ms)[0m  [1m[34mSELECT  "cities".* FROM "cities" WHERE "cities"."id" = ? LIMIT ?[0m  [["id", 8], ["LIMIT", 1]]
  ↳ db/seeds.rb:24
  [1m[36mDogsitter Create (0.2ms)[0m  [1m[32mINSERT INTO "dogsitters" ("name", "created_at", "updated_at", "city_id") VALUES (?, ?, ?, ?)[0m  [["name", "Wendel Frey"], ["created_at", "2019-01-31 17:49:06.057482"], ["updated_at", "2019-01-31 17:49:06.057482"], ["city_id", 8]]
  ↳ db/seeds.rb:24
  [1m[35m (20.1ms)[0m  [1m[36mcommit transaction[0m
  ↳ db/seeds.rb:24
  [1m[36mCity Load (0.1ms)[0m  [1m[34mSELECT  "cities".* FROM "cities" ORDER BY "cities"."id" ASC LIMIT ?[0m  [["LIMIT", 1]]
  ↳ db/seeds.rb:24
  [1m[36mCity Load (0.1ms)[0m  [1m[34mSELECT  "cities".* FROM "cities" ORDER BY "cities"."id" DESC LIMIT ?[0m  [["LIMIT", 1]]
  ↳ db/seeds.rb:24
  [1m[35m (0.0ms)[0m  [1m[36mbegin transaction[0m
  ↳ db/seeds.rb:24
  [1m[36mCity Load (0.1ms)[0m  [1m[34mSELECT  "cities".* FROM "cities" WHERE "cities"."id" = ? LIMIT ?[0m  [["id", 10], ["LIMIT", 1]]
  ↳ db/seeds.rb:24
  [1m[36mDogsitter Create (0.2ms)[0m  [1m[32mINSERT INTO "dogsitters" ("name", "created_at", "updated_at", "city_id") VALUES (?, ?, ?, ?)[0m  [["name", "Robin Hollard"], ["created_at", "2019-01-31 17:49:06.082281"], ["updated_at", "2019-01-31 17:49:06.082281"], ["city_id", 10]]
  ↳ db/seeds.rb:24
  [1m[35m (14.7ms)[0m  [1m[36mcommit transaction[0m
  ↳ db/seeds.rb:24
  [1m[36mCity Load (0.1ms)[0m  [1m[34mSELECT  "cities".* FROM "cities" ORDER BY "cities"."id" ASC LIMIT ?[0m  [["LIMIT", 1]]
  ↳ db/seeds.rb:24
  [1m[36mCity Load (0.1ms)[0m  [1m[34mSELECT  "cities".* FROM "cities" ORDER BY "cities"."id" DESC LIMIT ?[0m  [["LIMIT", 1]]
  ↳ db/seeds.rb:24
  [1m[35m (0.0ms)[0m  [1m[36mbegin transaction[0m
  ↳ db/seeds.rb:24
  [1m[36mCity Load (0.0ms)[0m  [1m[34mSELECT  "cities".* FROM "cities" WHERE "cities"."id" = ? LIMIT ?[0m  [["id", 1], ["LIMIT", 1]]
  ↳ db/seeds.rb:24
  [1m[36mDogsitter Create (0.2ms)[0m  [1m[32mINSERT INTO "dogsitters" ("name", "created_at", "updated_at", "city_id") VALUES (?, ?, ?, ?)[0m  [["name", "Gilbert Farring"], ["created_at", "2019-01-31 17:49:06.101124"], ["updated_at", "2019-01-31 17:49:06.101124"], ["city_id", 1]]
  ↳ db/seeds.rb:24
  [1m[35m (16.3ms)[0m  [1m[36mcommit transaction[0m
  ↳ db/seeds.rb:24
  [1m[36mCity Load (0.1ms)[0m  [1m[34mSELECT  "cities".* FROM "cities" ORDER BY "cities"."id" ASC LIMIT ?[0m  [["LIMIT", 1]]
  ↳ db/seeds.rb:24
  [1m[36mCity Load (0.1ms)[0m  [1m[34mSELECT  "cities".* FROM "cities" ORDER BY "cities"."id" DESC LIMIT ?[0m  [["LIMIT", 1]]
  ↳ db/seeds.rb:24
  [1m[35m (0.0ms)[0m  [1m[36mbegin transaction[0m
  ↳ db/seeds.rb:24
  [1m[36mCity Load (0.1ms)[0m  [1m[34mSELECT  "cities".* FROM "cities" WHERE "cities"."id" = ? LIMIT ?[0m  [["id", 10], ["LIMIT", 1]]
  ↳ db/seeds.rb:24
  [1m[36mDogsitter Create (0.2ms)[0m  [1m[32mINSERT INTO "dogsitters" ("name", "created_at", "updated_at", "city_id") VALUES (?, ?, ?, ?)[0m  [["name", "Mago"], ["created_at", "2019-01-31 17:49:06.121617"], ["updated_at", "2019-01-31 17:49:06.121617"], ["city_id", 10]]
  ↳ db/seeds.rb:24
  [1m[35m (18.9ms)[0m  [1m[36mcommit transaction[0m
  ↳ db/seeds.rb:24
  [1m[36mCity Load (0.1ms)[0m  [1m[34mSELECT  "cities".* FROM "cities" ORDER BY "cities"."id" ASC LIMIT ?[0m  [["LIMIT", 1]]
  ↳ db/seeds.rb:24
  [1m[36mCity Load (0.1ms)[0m  [1m[34mSELECT  "cities".* FROM "cities" ORDER BY "cities"."id" DESC LIMIT ?[0m  [["LIMIT", 1]]
  ↳ db/seeds.rb:24
  [1m[35m (0.0ms)[0m  [1m[36mbegin transaction[0m
  ↳ db/seeds.rb:24
  [1m[36mCity Load (0.1ms)[0m  [1m[34mSELECT  "cities".* FROM "cities" WHERE "cities"."id" = ? LIMIT ?[0m  [["id", 10], ["LIMIT", 1]]
  ↳ db/seeds.rb:24
  [1m[36mDogsitter Create (0.2ms)[0m  [1m[32mINSERT INTO "dogsitters" ("name", "created_at", "updated_at", "city_id") VALUES (?, ?, ?, ?)[0m  [["name", "Tothmure"], ["created_at", "2019-01-31 17:49:06.144996"], ["updated_at", "2019-01-31 17:49:06.144996"], ["city_id", 10]]
  ↳ db/seeds.rb:24
  [1m[35m (15.5ms)[0m  [1m[36mcommit transaction[0m
  ↳ db/seeds.rb:24
  [1m[36mCity Load (0.1ms)[0m  [1m[34mSELECT  "cities".* FROM "cities" ORDER BY "cities"."id" ASC LIMIT ?[0m  [["LIMIT", 1]]
  ↳ db/seeds.rb:24
  [1m[36mCity Load (0.1ms)[0m  [1m[34mSELECT  "cities".* FROM "cities" ORDER BY "cities"."id" DESC LIMIT ?[0m  [["LIMIT", 1]]
  ↳ db/seeds.rb:24
  [1m[35m (0.0ms)[0m  [1m[36mbegin transaction[0m
  ↳ db/seeds.rb:24
  [1m[36mCity Load (0.1ms)[0m  [1m[34mSELECT  "cities".* FROM "cities" WHERE "cities"."id" = ? LIMIT ?[0m  [["id", 9], ["LIMIT", 1]]
  ↳ db/seeds.rb:24
  [1m[36mDogsitter Create (0.1ms)[0m  [1m[32mINSERT INTO "dogsitters" ("name", "created_at", "updated_at", "city_id") VALUES (?, ?, ?, ?)[0m  [["name", "Qyburn"], ["created_at", "2019-01-31 17:49:06.164115"], ["updated_at", "2019-01-31 17:49:06.164115"], ["city_id", 9]]
  ↳ db/seeds.rb:24
  [1m[35m (14.8ms)[0m  [1m[36mcommit transaction[0m
  ↳ db/seeds.rb:24
  [1m[36mCity Load (0.1ms)[0m  [1m[34mSELECT  "cities".* FROM "cities" ORDER BY "cities"."id" ASC LIMIT ?[0m  [["LIMIT", 1]]
  ↳ db/seeds.rb:24
  [1m[36mCity Load (0.0ms)[0m  [1m[34mSELECT  "cities".* FROM "cities" ORDER BY "cities"."id" DESC LIMIT ?[0m  [["LIMIT", 1]]
  ↳ db/seeds.rb:24
  [1m[35m (0.0ms)[0m  [1m[36mbegin transaction[0m
  ↳ db/seeds.rb:24
  [1m[36mCity Load (0.0ms)[0m  [1m[34mSELECT  "cities".* FROM "cities" WHERE "cities"."id" = ? LIMIT ?[0m  [["id", 10], ["LIMIT", 1]]
  ↳ db/seeds.rb:24
  [1m[36mDogsitter Create (0.2ms)[0m  [1m[32mINSERT INTO "dogsitters" ("name", "created_at", "updated_at", "city_id") VALUES (?, ?, ?, ?)[0m  [["name", "Sybelle Glover"], ["created_at", "2019-01-31 17:49:06.182649"], ["updated_at", "2019-01-31 17:49:06.182649"], ["city_id", 10]]
  ↳ db/seeds.rb:24
  [1m[35m (14.5ms)[0m  [1m[36mcommit transaction[0m
  ↳ db/seeds.rb:24
  [1m[36mCity Load (0.1ms)[0m  [1m[34mSELECT  "cities".* FROM "cities" ORDER BY "cities"."id" ASC LIMIT ?[0m  [["LIMIT", 1]]
  ↳ db/seeds.rb:24
  [1m[36mCity Load (0.1ms)[0m  [1m[34mSELECT  "cities".* FROM "cities" ORDER BY "cities"."id" DESC LIMIT ?[0m  [["LIMIT", 1]]
  ↳ db/seeds.rb:24
  [1m[35m (0.0ms)[0m  [1m[36mbegin transaction[0m
  ↳ db/seeds.rb:24
  [1m[36mCity Load (0.1ms)[0m  [1m[34mSELECT  "cities".* FROM "cities" WHERE "cities"."id" = ? LIMIT ?[0m  [["id", 4], ["LIMIT", 1]]
  ↳ db/seeds.rb:24
  [1m[36mDogsitter Create (0.2ms)[0m  [1m[32mINSERT INTO "dogsitters" ("name", "created_at", "updated_at", "city_id") VALUES (?, ?, ?, ?)[0m  [["name", "Brogg"], ["created_at", "2019-01-31 17:49:06.201196"], ["updated_at", "2019-01-31 17:49:06.201196"], ["city_id", 4]]
  ↳ db/seeds.rb:24
  [1m[35m (16.9ms)[0m  [1m[36mcommit transaction[0m
  ↳ db/seeds.rb:24
  [1m[36mCity Load (0.1ms)[0m  [1m[34mSELECT  "cities".* FROM "cities" ORDER BY "cities"."id" ASC LIMIT ?[0m  [["LIMIT", 1]]
  ↳ db/seeds.rb:24
  [1m[36mCity Load (0.1ms)[0m  [1m[34mSELECT  "cities".* FROM "cities" ORDER BY "cities"."id" DESC LIMIT ?[0m  [["LIMIT", 1]]
  ↳ db/seeds.rb:24
  [1m[35m (0.0ms)[0m  [1m[36mbegin transaction[0m
  ↳ db/seeds.rb:24
  [1m[36mCity Load (0.1ms)[0m  [1m[34mSELECT  "cities".* FROM "cities" WHERE "cities"."id" = ? LIMIT ?[0m  [["id", 8], ["LIMIT", 1]]
  ↳ db/seeds.rb:24
  [1m[36mDogsitter Create (0.3ms)[0m  [1m[32mINSERT INTO "dogsitters" ("name", "created_at", "updated_at", "city_id") VALUES (?, ?, ?, ?)[0m  [["name", "Luton"], ["created_at", "2019-01-31 17:49:06.227455"], ["updated_at", "2019-01-31 17:49:06.227455"], ["city_id", 8]]
  ↳ db/seeds.rb:24
  [1m[35m (21.3ms)[0m  [1m[36mcommit transaction[0m
  ↳ db/seeds.rb:24
  [1m[36mCity Load (0.1ms)[0m  [1m[34mSELECT  "cities".* FROM "cities" ORDER BY "cities"."id" ASC LIMIT ?[0m  [["LIMIT", 1]]
  ↳ db/seeds.rb:24
  [1m[36mCity Load (0.1ms)[0m  [1m[34mSELECT  "cities".* FROM "cities" ORDER BY "cities"."id" DESC LIMIT ?[0m  [["LIMIT", 1]]
  ↳ db/seeds.rb:24
  [1m[35m (0.0ms)[0m  [1m[36mbegin transaction[0m
  ↳ db/seeds.rb:24
  [1m[36mCity Load (0.0ms)[0m  [1m[34mSELECT  "cities".* FROM "cities" WHERE "cities"."id" = ? LIMIT ?[0m  [["id", 10], ["LIMIT", 1]]
  ↳ db/seeds.rb:24
  [1m[36mDogsitter Create (0.2ms)[0m  [1m[32mINSERT INTO "dogsitters" ("name", "created_at", "updated_at", "city_id") VALUES (?, ?, ?, ?)[0m  [["name", "Ragwyle"], ["created_at", "2019-01-31 17:49:06.252838"], ["updated_at", "2019-01-31 17:49:06.252838"], ["city_id", 10]]
  ↳ db/seeds.rb:24
  [1m[35m (14.8ms)[0m  [1m[36mcommit transaction[0m
  ↳ db/seeds.rb:24
  [1m[36mCity Load (0.1ms)[0m  [1m[34mSELECT  "cities".* FROM "cities" ORDER BY "cities"."id" ASC LIMIT ?[0m  [["LIMIT", 1]]
  ↳ db/seeds.rb:28
  [1m[36mCity Load (0.1ms)[0m  [1m[34mSELECT  "cities".* FROM "cities" ORDER BY "cities"."id" DESC LIMIT ?[0m  [["LIMIT", 1]]
  ↳ db/seeds.rb:28
  [1m[36mDog Load (0.1ms)[0m  [1m[34mSELECT  "dogs".* FROM "dogs" ORDER BY "dogs"."id" ASC LIMIT ?[0m  [["LIMIT", 1]]
  ↳ db/seeds.rb:28
  [1m[36mDog Load (0.1ms)[0m  [1m[34mSELECT  "dogs".* FROM "dogs" ORDER BY "dogs"."id" DESC LIMIT ?[0m  [["LIMIT", 1]]
  ↳ db/seeds.rb:28
  [1m[36mDogsitter Load (0.1ms)[0m  [1m[34mSELECT  "dogsitters".* FROM "dogsitters" ORDER BY "dogsitters"."id" ASC LIMIT ?[0m  [["LIMIT", 1]]
  ↳ db/seeds.rb:28
  [1m[36mDogsitter Load (0.1ms)[0m  [1m[34mSELECT  "dogsitters".* FROM "dogsitters" ORDER BY "dogsitters"."id" DESC LIMIT ?[0m  [["LIMIT", 1]]
  ↳ db/seeds.rb:28
  [1m[35m (0.0ms)[0m  [1m[36mbegin transaction[0m
  ↳ db/seeds.rb:28
  [1m[36mCity Load (0.1ms)[0m  [1m[34mSELECT  "cities".* FROM "cities" WHERE "cities"."id" = ? LIMIT ?[0m  [["id", 7], ["LIMIT", 1]]
  ↳ db/seeds.rb:28
  [1m[36mDog Load (0.1ms)[0m  [1m[34mSELECT  "dogs".* FROM "dogs" WHERE "dogs"."id" = ? LIMIT ?[0m  [["id", 7], ["LIMIT", 1]]
  ↳ db/seeds.rb:28
  [1m[36mDogsitter Load (0.1ms)[0m  [1m[34mSELECT  "dogsitters".* FROM "dogsitters" WHERE "dogsitters"."id" = ? LIMIT ?[0m  [["id", 1], ["LIMIT", 1]]
  ↳ db/seeds.rb:28
  [1m[36mStroll Create (0.2ms)[0m  [1m[32mINSERT INTO "strolls" ("date", "created_at", "updated_at", "city_id", "dog_id", "dogsitter_id") VALUES (?, ?, ?, ?, ?, ?)[0m  [["date", "2019-02-07"], ["created_at", "2019-01-31 17:49:06.281504"], ["updated_at", "2019-01-31 17:49:06.281504"], ["city_id", 7], ["dog_id", 7], ["dogsitter_id", 1]]
  ↳ db/seeds.rb:28
  [1m[35m (15.0ms)[0m  [1m[36mcommit transaction[0m
  ↳ db/seeds.rb:28
  [1m[36mCity Load (0.1ms)[0m  [1m[34mSELECT  "cities".* FROM "cities" ORDER BY "cities"."id" ASC LIMIT ?[0m  [["LIMIT", 1]]
  ↳ db/seeds.rb:28
  [1m[36mCity Load (0.1ms)[0m  [1m[34mSELECT  "cities".* FROM "cities" ORDER BY "cities"."id" DESC LIMIT ?[0m  [["LIMIT", 1]]
  ↳ db/seeds.rb:28
  [1m[36mDog Load (0.1ms)[0m  [1m[34mSELECT  "dogs".* FROM "dogs" ORDER BY "dogs"."id" ASC LIMIT ?[0m  [["LIMIT", 1]]
  ↳ db/seeds.rb:28
  [1m[36mDog Load (0.1ms)[0m  [1m[34mSELECT  "dogs".* FROM "dogs" ORDER BY "dogs"."id" DESC LIMIT ?[0m  [["LIMIT", 1]]
  ↳ db/seeds.rb:28
  [1m[36mDogsitter Load (0.1ms)[0m  [1m[34mSELECT  "dogsitters".* FROM "dogsitters" ORDER BY "dogsitters"."id" ASC LIMIT ?[0m  [["LIMIT", 1]]
  ↳ db/seeds.rb:28
  [1m[36mDogsitter Load (0.1ms)[0m  [1m[34mSELECT  "dogsitters".* FROM "dogsitters" ORDER BY "dogsitters"."id" DESC LIMIT ?[0m  [["LIMIT", 1]]
  ↳ db/seeds.rb:28
  [1m[35m (0.0ms)[0m  [1m[36mbegin transaction[0m
  ↳ db/seeds.rb:28
  [1m[36mCity Load (0.1ms)[0m  [1m[34mSELECT  "cities".* FROM "cities" WHERE "cities"."id" = ? LIMIT ?[0m  [["id", 2], ["LIMIT", 1]]
  ↳ db/seeds.rb:28
  [1m[36mDog Load (0.0ms)[0m  [1m[34mSELECT  "dogs".* FROM "dogs" WHERE "dogs"."id" = ? LIMIT ?[0m  [["id", 8], ["LIMIT", 1]]
  ↳ db/seeds.rb:28
  [1m[36mDogsitter Load (0.0ms)[0m  [1m[34mSELECT  "dogsitters".* FROM "dogsitters" WHERE "dogsitters"."id" = ? LIMIT ?[0m  [["id", 6], ["LIMIT", 1]]
  ↳ db/seeds.rb:28
  [1m[36mStroll Create (0.2ms)[0m  [1m[32mINSERT INTO "strolls" ("date", "created_at", "updated_at", "city_id", "dog_id", "dogsitter_id") VALUES (?, ?, ?, ?, ?, ?)[0m  [["date", "2019-02-07"], ["created_at", "2019-01-31 17:49:06.303381"], ["updated_at", "2019-01-31 17:49:06.303381"], ["city_id", 2], ["dog_id", 8], ["dogsitter_id", 6]]
  ↳ db/seeds.rb:28
  [1m[35m (12.0ms)[0m  [1m[36mcommit transaction[0m
  ↳ db/seeds.rb:28
  [1m[36mCity Load (0.1ms)[0m  [1m[34mSELECT  "cities".* FROM "cities" ORDER BY "cities"."id" ASC LIMIT ?[0m  [["LIMIT", 1]]
  ↳ db/seeds.rb:28
  [1m[36mCity Load (0.1ms)[0m  [1m[34mSELECT  "cities".* FROM "cities" ORDER BY "cities"."id" DESC LIMIT ?[0m  [["LIMIT", 1]]
  ↳ db/seeds.rb:28
  [1m[36mDog Load (0.1ms)[0m  [1m[34mSELECT  "dogs".* FROM "dogs" ORDER BY "dogs"."id" ASC LIMIT ?[0m  [["LIMIT", 1]]
  ↳ db/seeds.rb:28
  [1m[36mDog Load (0.0ms)[0m  [1m[34mSELECT  "dogs".* FROM "dogs" ORDER BY "dogs"."id" DESC LIMIT ?[0m  [["LIMIT", 1]]
  ↳ db/seeds.rb:28
  [1m[36mDogsitter Load (0.0ms)[0m  [1m[34mSELECT  "dogsitters".* FROM "dogsitters" ORDER BY "dogsitters"."id" ASC LIMIT ?[0m  [["LIMIT", 1]]
  ↳ db/seeds.rb:28
  [1m[36mDogsitter Load (0.1ms)[0m  [1m[34mSELECT  "dogsitters".* FROM "dogsitters" ORDER BY "dogsitters"."id" DESC LIMIT ?[0m  [["LIMIT", 1]]
  ↳ db/seeds.rb:28
  [1m[35m (0.0ms)[0m  [1m[36mbegin transaction[0m
  ↳ db/seeds.rb:28
  [1m[36mCity Load (0.0ms)[0m  [1m[34mSELECT  "cities".* FROM "cities" WHERE "cities"."id" = ? LIMIT ?[0m  [["id", 3], ["LIMIT", 1]]
  ↳ db/seeds.rb:28
  [1m[36mDog Load (0.0ms)[0m  [1m[34mSELECT  "dogs".* FROM "dogs" WHERE "dogs"."id" = ? LIMIT ?[0m  [["id", 9], ["LIMIT", 1]]
  ↳ db/seeds.rb:28
  [1m[36mDogsitter Load (0.0ms)[0m  [1m[34mSELECT  "dogsitters".* FROM "dogsitters" WHERE "dogsitters"."id" = ? LIMIT ?[0m  [["id", 10], ["LIMIT", 1]]
  ↳ db/seeds.rb:28
  [1m[36mStroll Create (0.2ms)[0m  [1m[32mINSERT INTO "strolls" ("date", "created_at", "updated_at", "city_id", "dog_id", "dogsitter_id") VALUES (?, ?, ?, ?, ?, ?)[0m  [["date", "2019-02-12"], ["created_at", "2019-01-31 17:49:06.321661"], ["updated_at", "2019-01-31 17:49:06.321661"], ["city_id", 3], ["dog_id", 9], ["dogsitter_id", 10]]
  ↳ db/seeds.rb:28
  [1m[35m (19.6ms)[0m  [1m[36mcommit transaction[0m
  ↳ db/seeds.rb:28
  [1m[36mCity Load (0.1ms)[0m  [1m[34mSELECT  "cities".* FROM "cities" ORDER BY "cities"."id" ASC LIMIT ?[0m  [["LIMIT", 1]]
  ↳ db/seeds.rb:28
  [1m[36mCity Load (0.1ms)[0m  [1m[34mSELECT  "cities".* FROM "cities" ORDER BY "cities"."id" DESC LIMIT ?[0m  [["LIMIT", 1]]
  ↳ db/seeds.rb:28
  [1m[36mDog Load (0.1ms)[0m  [1m[34mSELECT  "dogs".* FROM "dogs" ORDER BY "dogs"."id" ASC LIMIT ?[0m  [["LIMIT", 1]]
  ↳ db/seeds.rb:28
  [1m[36mDog Load (0.1ms)[0m  [1m[34mSELECT  "dogs".* FROM "dogs" ORDER BY "dogs"."id" DESC LIMIT ?[0m  [["LIMIT", 1]]
  ↳ db/seeds.rb:28
  [1m[36mDogsitter Load (0.1ms)[0m  [1m[34mSELECT  "dogsitters".* FROM "dogsitters" ORDER BY "dogsitters"."id" ASC LIMIT ?[0m  [["LIMIT", 1]]
  ↳ db/seeds.rb:28
  [1m[36mDogsitter Load (0.0ms)[0m  [1m[34mSELECT  "dogsitters".* FROM "dogsitters" ORDER BY "dogsitters"."id" DESC LIMIT ?[0m  [["LIMIT", 1]]
  ↳ db/seeds.rb:28
  [1m[35m (0.1ms)[0m  [1m[36mbegin transaction[0m
  ↳ db/seeds.rb:28
  [1m[36mCity Load (0.1ms)[0m  [1m[34mSELECT  "cities".* FROM "cities" WHERE "cities"."id" = ? LIMIT ?[0m  [["id", 4], ["LIMIT", 1]]
  ↳ db/seeds.rb:28
  [1m[36mDog Load (0.0ms)[0m  [1m[34mSELECT  "dogs".* FROM "dogs" WHERE "dogs"."id" = ? LIMIT ?[0m  [["id", 1], ["LIMIT", 1]]
  ↳ db/seeds.rb:28
  [1m[36mDogsitter Load (0.0ms)[0m  [1m[34mSELECT  "dogsitters".* FROM "dogsitters" WHERE "dogsitters"."id" = ? LIMIT ?[0m  [["id", 7], ["LIMIT", 1]]
  ↳ db/seeds.rb:28
  [1m[36mStroll Create (0.2ms)[0m  [1m[32mINSERT INTO "strolls" ("date", "created_at", "updated_at", "city_id", "dog_id", "dogsitter_id") VALUES (?, ?, ?, ?, ?, ?)[0m  [["date", "2019-02-15"], ["created_at", "2019-01-31 17:49:06.347581"], ["updated_at", "2019-01-31 17:49:06.347581"], ["city_id", 4], ["dog_id", 1], ["dogsitter_id", 7]]
  ↳ db/seeds.rb:28
  [1m[35m (16.1ms)[0m  [1m[36mcommit transaction[0m
  ↳ db/seeds.rb:28
  [1m[36mCity Load (0.1ms)[0m  [1m[34mSELECT  "cities".* FROM "cities" ORDER BY "cities"."id" ASC LIMIT ?[0m  [["LIMIT", 1]]
  ↳ db/seeds.rb:28
  [1m[36mCity Load (0.1ms)[0m  [1m[34mSELECT  "cities".* FROM "cities" ORDER BY "cities"."id" DESC LIMIT ?[0m  [["LIMIT", 1]]
  ↳ db/seeds.rb:28
  [1m[36mDog Load (0.1ms)[0m  [1m[34mSELECT  "dogs".* FROM "dogs" ORDER BY "dogs"."id" ASC LIMIT ?[0m  [["LIMIT", 1]]
  ↳ db/seeds.rb:28
  [1m[36mDog Load (0.1ms)[0m  [1m[34mSELECT  "dogs".* FROM "dogs" ORDER BY "dogs"."id" DESC LIMIT ?[0m  [["LIMIT", 1]]
  ↳ db/seeds.rb:28
  [1m[36mDogsitter Load (0.1ms)[0m  [1m[34mSELECT  "dogsitters".* FROM "dogsitters" ORDER BY "dogsitters"."id" ASC LIMIT ?[0m  [["LIMIT", 1]]
  ↳ db/seeds.rb:28
  [1m[36mDogsitter Load (0.0ms)[0m  [1m[34mSELECT  "dogsitters".* FROM "dogsitters" ORDER BY "dogsitters"."id" DESC LIMIT ?[0m  [["LIMIT", 1]]
  ↳ db/seeds.rb:28
  [1m[35m (0.0ms)[0m  [1m[36mbegin transaction[0m
  ↳ db/seeds.rb:28
  [1m[36mCity Load (0.0ms)[0m  [1m[34mSELECT  "cities".* FROM "cities" WHERE "cities"."id" = ? LIMIT ?[0m  [["id", 8], ["LIMIT", 1]]
  ↳ db/seeds.rb:28
  [1m[36mDog Load (0.0ms)[0m  [1m[34mSELECT  "dogs".* FROM "dogs" WHERE "dogs"."id" = ? LIMIT ?[0m  [["id", 6], ["LIMIT", 1]]
  ↳ db/seeds.rb:28
  [1m[36mDogsitter Load (0.0ms)[0m  [1m[34mSELECT  "dogsitters".* FROM "dogsitters" WHERE "dogsitters"."id" = ? LIMIT ?[0m  [["id", 3], ["LIMIT", 1]]
  ↳ db/seeds.rb:28
  [1m[36mStroll Create (0.2ms)[0m  [1m[32mINSERT INTO "strolls" ("date", "created_at", "updated_at", "city_id", "dog_id", "dogsitter_id") VALUES (?, ?, ?, ?, ?, ?)[0m  [["date", "2019-02-02"], ["created_at", "2019-01-31 17:49:06.369794"], ["updated_at", "2019-01-31 17:49:06.369794"], ["city_id", 8], ["dog_id", 6], ["dogsitter_id", 3]]
  ↳ db/seeds.rb:28
  [1m[35m (22.7ms)[0m  [1m[36mcommit transaction[0m
  ↳ db/seeds.rb:28
  [1m[36mCity Load (0.1ms)[0m  [1m[34mSELECT  "cities".* FROM "cities" ORDER BY "cities"."id" ASC LIMIT ?[0m  [["LIMIT", 1]]
  ↳ db/seeds.rb:28
  [1m[36mCity Load (0.1ms)[0m  [1m[34mSELECT  "cities".* FROM "cities" ORDER BY "cities"."id" DESC LIMIT ?[0m  [["LIMIT", 1]]
  ↳ db/seeds.rb:28
  [1m[36mDog Load (0.0ms)[0m  [1m[34mSELECT  "dogs".* FROM "dogs" ORDER BY "dogs"."id" ASC LIMIT ?[0m  [["LIMIT", 1]]
  ↳ db/seeds.rb:28
  [1m[36mDog Load (0.0ms)[0m  [1m[34mSELECT  "dogs".* FROM "dogs" ORDER BY "dogs"."id" DESC LIMIT ?[0m  [["LIMIT", 1]]
  ↳ db/seeds.rb:28
  [1m[36mDogsitter Load (0.1ms)[0m  [1m[34mSELECT  "dogsitters".* FROM "dogsitters" ORDER BY "dogsitters"."id" ASC LIMIT ?[0m  [["LIMIT", 1]]
  ↳ db/seeds.rb:28
  [1m[36mDogsitter Load (0.0ms)[0m  [1m[34mSELECT  "dogsitters".* FROM "dogsitters" ORDER BY "dogsitters"."id" DESC LIMIT ?[0m  [["LIMIT", 1]]
  ↳ db/seeds.rb:28
  [1m[35m (0.0ms)[0m  [1m[36mbegin transaction[0m
  ↳ db/seeds.rb:28
  [1m[36mCity Load (0.1ms)[0m  [1m[34mSELECT  "cities".* FROM "cities" WHERE "cities"."id" = ? LIMIT ?[0m  [["id", 9], ["LIMIT", 1]]
  ↳ db/seeds.rb:28
  [1m[36mDog Load (0.0ms)[0m  [1m[34mSELECT  "dogs".* FROM "dogs" WHERE "dogs"."id" = ? LIMIT ?[0m  [["id", 6], ["LIMIT", 1]]
  ↳ db/seeds.rb:28
  [1m[36mDogsitter Load (0.0ms)[0m  [1m[34mSELECT  "dogsitters".* FROM "dogsitters" WHERE "dogsitters"."id" = ? LIMIT ?[0m  [["id", 9], ["LIMIT", 1]]
  ↳ db/seeds.rb:28
  [1m[36mStroll Create (0.2ms)[0m  [1m[32mINSERT INTO "strolls" ("date", "created_at", "updated_at", "city_id", "dog_id", "dogsitter_id") VALUES (?, ?, ?, ?, ?, ?)[0m  [["date", "2019-02-16"], ["created_at", "2019-01-31 17:49:06.399144"], ["updated_at", "2019-01-31 17:49:06.399144"], ["city_id", 9], ["dog_id", 6], ["dogsitter_id", 9]]
  ↳ db/seeds.rb:28
  [1m[35m (14.4ms)[0m  [1m[36mcommit transaction[0m
  ↳ db/seeds.rb:28
  [1m[36mCity Load (0.1ms)[0m  [1m[34mSELECT  "cities".* FROM "cities" ORDER BY "cities"."id" ASC LIMIT ?[0m  [["LIMIT", 1]]
  ↳ db/seeds.rb:28
  [1m[36mCity Load (0.0ms)[0m  [1m[34mSELECT  "cities".* FROM "cities" ORDER BY "cities"."id" DESC LIMIT ?[0m  [["LIMIT", 1]]
  ↳ db/seeds.rb:28
  [1m[36mDog Load (0.0ms)[0m  [1m[34mSELECT  "dogs".* FROM "dogs" ORDER BY "dogs"."id" ASC LIMIT ?[0m  [["LIMIT", 1]]
  ↳ db/seeds.rb:28
  [1m[36mDog Load (0.0ms)[0m  [1m[34mSELECT  "dogs".* FROM "dogs" ORDER BY "dogs"."id" DESC LIMIT ?[0m  [["LIMIT", 1]]
  ↳ db/seeds.rb:28
  [1m[36mDogsitter Load (0.0ms)[0m  [1m[34mSELECT  "dogsitters".* FROM "dogsitters" ORDER BY "dogsitters"."id" ASC LIMIT ?[0m  [["LIMIT", 1]]
  ↳ db/seeds.rb:28
  [1m[36mDogsitter Load (0.0ms)[0m  [1m[34mSELECT  "dogsitters".* FROM "dogsitters" ORDER BY "dogsitters"."id" DESC LIMIT ?[0m  [["LIMIT", 1]]
  ↳ db/seeds.rb:28
  [1m[35m (0.0ms)[0m  [1m[36mbegin transaction[0m
  ↳ db/seeds.rb:28
  [1m[36mCity Load (0.0ms)[0m  [1m[34mSELECT  "cities".* FROM "cities" WHERE "cities"."id" = ? LIMIT ?[0m  [["id", 4], ["LIMIT", 1]]
  ↳ db/seeds.rb:28
  [1m[36mDog Load (0.0ms)[0m  [1m[34mSELECT  "dogs".* FROM "dogs" WHERE "dogs"."id" = ? LIMIT ?[0m  [["id", 8], ["LIMIT", 1]]
  ↳ db/seeds.rb:28
  [1m[36mDogsitter Load (0.0ms)[0m  [1m[34mSELECT  "dogsitters".* FROM "dogsitters" WHERE "dogsitters"."id" = ? LIMIT ?[0m  [["id", 3], ["LIMIT", 1]]
  ↳ db/seeds.rb:28
  [1m[36mStroll Create (0.2ms)[0m  [1m[32mINSERT INTO "strolls" ("date", "created_at", "updated_at", "city_id", "dog_id", "dogsitter_id") VALUES (?, ?, ?, ?, ?, ?)[0m  [["date", "2019-02-23"], ["created_at", "2019-01-31 17:49:06.419681"], ["updated_at", "2019-01-31 17:49:06.419681"], ["city_id", 4], ["dog_id", 8], ["dogsitter_id", 3]]
  ↳ db/seeds.rb:28
  [1m[35m (17.3ms)[0m  [1m[36mcommit transaction[0m
  ↳ db/seeds.rb:28
  [1m[36mCity Load (0.1ms)[0m  [1m[34mSELECT  "cities".* FROM "cities" ORDER BY "cities"."id" ASC LIMIT ?[0m  [["LIMIT", 1]]
  ↳ db/seeds.rb:28
  [1m[36mCity Load (0.0ms)[0m  [1m[34mSELECT  "cities".* FROM "cities" ORDER BY "cities"."id" DESC LIMIT ?[0m  [["LIMIT", 1]]
  ↳ db/seeds.rb:28
  [1m[36mDog Load (0.0ms)[0m  [1m[34mSELECT  "dogs".* FROM "dogs" ORDER BY "dogs"."id" ASC LIMIT ?[0m  [["LIMIT", 1]]
  ↳ db/seeds.rb:28
  [1m[36mDog Load (0.0ms)[0m  [1m[34mSELECT  "dogs".* FROM "dogs" ORDER BY "dogs"."id" DESC LIMIT ?[0m  [["LIMIT", 1]]
  ↳ db/seeds.rb:28
  [1m[36mDogsitter Load (0.1ms)[0m  [1m[34mSELECT  "dogsitters".* FROM "dogsitters" ORDER BY "dogsitters"."id" ASC LIMIT ?[0m  [["LIMIT", 1]]
  ↳ db/seeds.rb:28
  [1m[36mDogsitter Load (0.0ms)[0m  [1m[34mSELECT  "dogsitters".* FROM "dogsitters" ORDER BY "dogsitters"."id" DESC LIMIT ?[0m  [["LIMIT", 1]]
  ↳ db/seeds.rb:28
  [1m[35m (0.0ms)[0m  [1m[36mbegin transaction[0m
  ↳ db/seeds.rb:28
  [1m[36mCity Load (0.1ms)[0m  [1m[34mSELECT  "cities".* FROM "cities" WHERE "cities"."id" = ? LIMIT ?[0m  [["id", 1], ["LIMIT", 1]]
  ↳ db/seeds.rb:28
  [1m[36mDog Load (0.0ms)[0m  [1m[34mSELECT  "dogs".* FROM "dogs" WHERE "dogs"."id" = ? LIMIT ?[0m  [["id", 10], ["LIMIT", 1]]
  ↳ db/seeds.rb:28
  [1m[36mDogsitter Load (0.0ms)[0m  [1m[34mSELECT  "dogsitters".* FROM "dogsitters" WHERE "dogsitters"."id" = ? LIMIT ?[0m  [["id", 2], ["LIMIT", 1]]
  ↳ db/seeds.rb:28
  [1m[36mStroll Create (0.2ms)[0m  [1m[32mINSERT INTO "strolls" ("date", "created_at", "updated_at", "city_id", "dog_id", "dogsitter_id") VALUES (?, ?, ?, ?, ?, ?)[0m  [["date", "2019-02-21"], ["created_at", "2019-01-31 17:49:06.443379"], ["updated_at", "2019-01-31 17:49:06.443379"], ["city_id", 1], ["dog_id", 10], ["dogsitter_id", 2]]
  ↳ db/seeds.rb:28
  [1m[35m (17.9ms)[0m  [1m[36mcommit transaction[0m
  ↳ db/seeds.rb:28
  [1m[36mCity Load (0.1ms)[0m  [1m[34mSELECT  "cities".* FROM "cities" ORDER BY "cities"."id" ASC LIMIT ?[0m  [["LIMIT", 1]]
  ↳ db/seeds.rb:28
  [1m[36mCity Load (0.1ms)[0m  [1m[34mSELECT  "cities".* FROM "cities" ORDER BY "cities"."id" DESC LIMIT ?[0m  [["LIMIT", 1]]
  ↳ db/seeds.rb:28
  [1m[36mDog Load (0.1ms)[0m  [1m[34mSELECT  "dogs".* FROM "dogs" ORDER BY "dogs"."id" ASC LIMIT ?[0m  [["LIMIT", 1]]
  ↳ db/seeds.rb:28
  [1m[36mDog Load (0.0ms)[0m  [1m[34mSELECT  "dogs".* FROM "dogs" ORDER BY "dogs"."id" DESC LIMIT ?[0m  [["LIMIT", 1]]
  ↳ db/seeds.rb:28
  [1m[36mDogsitter Load (0.0ms)[0m  [1m[34mSELECT  "dogsitters".* FROM "dogsitters" ORDER BY "dogsitters"."id" ASC LIMIT ?[0m  [["LIMIT", 1]]
  ↳ db/seeds.rb:28
  [1m[36mDogsitter Load (0.0ms)[0m  [1m[34mSELECT  "dogsitters".* FROM "dogsitters" ORDER BY "dogsitters"."id" DESC LIMIT ?[0m  [["LIMIT", 1]]
  ↳ db/seeds.rb:28
  [1m[35m (0.0ms)[0m  [1m[36mbegin transaction[0m
  ↳ db/seeds.rb:28
  [1m[36mCity Load (0.0ms)[0m  [1m[34mSELECT  "cities".* FROM "cities" WHERE "cities"."id" = ? LIMIT ?[0m  [["id", 5], ["LIMIT", 1]]
  ↳ db/seeds.rb:28
  [1m[36mDog Load (0.0ms)[0m  [1m[34mSELECT  "dogs".* FROM "dogs" WHERE "dogs"."id" = ? LIMIT ?[0m  [["id", 2], ["LIMIT", 1]]
  ↳ db/seeds.rb:28
  [1m[36mDogsitter Load (0.0ms)[0m  [1m[34mSELECT  "dogsitters".* FROM "dogsitters" WHERE "dogsitters"."id" = ? LIMIT ?[0m  [["id", 6], ["LIMIT", 1]]
  ↳ db/seeds.rb:28
  [1m[36mStroll Create (0.2ms)[0m  [1m[32mINSERT INTO "strolls" ("date", "created_at", "updated_at", "city_id", "dog_id", "dogsitter_id") VALUES (?, ?, ?, ?, ?, ?)[0m  [["date", "2019-02-05"], ["created_at", "2019-01-31 17:49:06.467593"], ["updated_at", "2019-01-31 17:49:06.467593"], ["city_id", 5], ["dog_id", 2], ["dogsitter_id", 6]]
  ↳ db/seeds.rb:28
  [1m[35m (15.3ms)[0m  [1m[36mcommit transaction[0m
  ↳ db/seeds.rb:28
  [1m[36mCity Load (0.1ms)[0m  [1m[34mSELECT  "cities".* FROM "cities" ORDER BY "cities"."id" ASC LIMIT ?[0m  [["LIMIT", 1]]
  ↳ db/seeds.rb:28
  [1m[36mCity Load (0.1ms)[0m  [1m[34mSELECT  "cities".* FROM "cities" ORDER BY "cities"."id" DESC LIMIT ?[0m  [["LIMIT", 1]]
  ↳ db/seeds.rb:28
  [1m[36mDog Load (0.1ms)[0m  [1m[34mSELECT  "dogs".* FROM "dogs" ORDER BY "dogs"."id" ASC LIMIT ?[0m  [["LIMIT", 1]]
  ↳ db/seeds.rb:28
  [1m[36mDog Load (0.0ms)[0m  [1m[34mSELECT  "dogs".* FROM "dogs" ORDER BY "dogs"."id" DESC LIMIT ?[0m  [["LIMIT", 1]]
  ↳ db/seeds.rb:28
  [1m[36mDogsitter Load (0.1ms)[0m  [1m[34mSELECT  "dogsitters".* FROM "dogsitters" ORDER BY "dogsitters"."id" ASC LIMIT ?[0m  [["LIMIT", 1]]
  ↳ db/seeds.rb:28
  [1m[36mDogsitter Load (0.0ms)[0m  [1m[34mSELECT  "dogsitters".* FROM "dogsitters" ORDER BY "dogsitters"."id" DESC LIMIT ?[0m  [["LIMIT", 1]]
  ↳ db/seeds.rb:28
  [1m[35m (0.0ms)[0m  [1m[36mbegin transaction[0m
  ↳ db/seeds.rb:28
  [1m[36mCity Load (0.0ms)[0m  [1m[34mSELECT  "cities".* FROM "cities" WHERE "cities"."id" = ? LIMIT ?[0m  [["id", 3], ["LIMIT", 1]]
  ↳ db/seeds.rb:28
  [1m[36mDog Load (0.0ms)[0m  [1m[34mSELECT  "dogs".* FROM "dogs" WHERE "dogs"."id" = ? LIMIT ?[0m  [["id", 9], ["LIMIT", 1]]
  ↳ db/seeds.rb:28
  [1m[36mDogsitter Load (0.0ms)[0m  [1m[34mSELECT  "dogsitters".* FROM "dogsitters" WHERE "dogsitters"."id" = ? LIMIT ?[0m  [["id", 8], ["LIMIT", 1]]
  ↳ db/seeds.rb:28
  [1m[36mStroll Create (0.2ms)[0m  [1m[32mINSERT INTO "strolls" ("date", "created_at", "updated_at", "city_id", "dog_id", "dogsitter_id") VALUES (?, ?, ?, ?, ?, ?)[0m  [["date", "2019-02-08"], ["created_at", "2019-01-31 17:49:06.489060"], ["updated_at", "2019-01-31 17:49:06.489060"], ["city_id", 3], ["dog_id", 9], ["dogsitter_id", 8]]
  ↳ db/seeds.rb:28
  [1m[35m (12.2ms)[0m  [1m[36mcommit transaction[0m
  ↳ db/seeds.rb:28
  [1m[36mDog Load (0.4ms)[0m  [1m[34mSELECT "dogs".* FROM "dogs"[0m
  [1m[36mDogsitter Load (0.4ms)[0m  [1m[34mSELECT "dogsitters".* FROM "dogsitters"[0m
  [1m[36mCity Load (0.2ms)[0m  [1m[34mSELECT "cities".* FROM "cities"[0m
  [1m[36mStroll Load (0.5ms)[0m  [1m[34mSELECT "strolls".* FROM "strolls"[0m
